<?xml version="1.0" encoding="UTF-8"?>
<!-- Generated by org.testng.reporters.JUnitXMLReporter -->
<testsuite ignored="0" hostname="DESKTOP-U1F0512" failures="0" tests="1" name="Mobile Test" time="1.592" errors="0" timestamp="2024-12-25T14:05:24 IST">
  <testcase classname="TestCases.BaseTest" name="@BeforeMethod setUp" time="1.568">
    <failure type="org.openqa.selenium.SessionNotCreatedException" message="Could not start a new session. Handshake response does not match any supported protocol. Response payload: {&amp;quot;value&amp;quot;:{&amp;quot;message&amp;quot;:&amp;quot;Automate testing time expired.&amp;quot;},&amp;quot;sessionId&amp;quot;:&amp;quot;&amp;quot;,&amp;quot;status&amp;quot;:13} 
Host info: host: &amp;apos;DESKTOP-U1F0512&amp;apos;, ip: &amp;apos;192.168.56.1&amp;apos;
Build info: version: &amp;apos;4.12.0&amp;apos;, revision: &amp;apos;249f2a7d1b*&amp;apos;
System info: os.name: &amp;apos;Windows 10&amp;apos;, os.arch: &amp;apos;amd64&amp;apos;, os.version: &amp;apos;10.0&amp;apos;, java.version: &amp;apos;17.0.1&amp;apos;
Driver info: org.openqa.selenium.remote.RemoteWebDriver
Command: [null, newSession {capabilities=[Capabilities {bstack:options: {accessKey: TsxSvskcykepSQEeyUDj, buildName: Selenium Framework Build, consoleLogs: info, debug: true, networkLogs: true, projectName: BrowserStack Integration, sessionName: Sample Test, userName: amitmeta2}}]}]
Capabilities {bstack:options: {accessKey: TsxSvskcykepSQEeyUDj, buildName: Selenium Framework Build, consoleLogs: info, debug: true, networkLogs: true, projectName: BrowserStack Integration, sessionName: Sample Test, userName: amitmeta2}}">
      <![CDATA[org.openqa.selenium.SessionNotCreatedException: Could not start a new session. Handshake response does not match any supported protocol. Response payload: {"value":{"message":"Automate testing time expired."},"sessionId":"","status":13} 
Host info: host: 'DESKTOP-U1F0512', ip: '192.168.56.1'
Build info: version: '4.12.0', revision: '249f2a7d1b*'
System info: os.name: 'Windows 10', os.arch: 'amd64', os.version: '10.0', java.version: '17.0.1'
Driver info: org.openqa.selenium.remote.RemoteWebDriver
Command: [null, newSession {capabilities=[Capabilities {bstack:options: {accessKey: TsxSvskcykepSQEeyUDj, buildName: Selenium Framework Build, consoleLogs: info, debug: true, networkLogs: true, projectName: BrowserStack Integration, sessionName: Sample Test, userName: amitmeta2}}]}]
Capabilities {bstack:options: {accessKey: TsxSvskcykepSQEeyUDj, buildName: Selenium Framework Build, consoleLogs: info, debug: true, networkLogs: true, projectName: BrowserStack Integration, sessionName: Sample Test, userName: amitmeta2}}
at org.openqa.selenium.remote.ProtocolHandshake.lambda$createSession$2(ProtocolHandshake.java:154)
at java.base/java.util.Optional.orElseGet(Optional.java:364)
at org.openqa.selenium.remote.ProtocolHandshake.createSession(ProtocolHandshake.java:150)
at org.openqa.selenium.remote.ProtocolHandshake.createSession(ProtocolHandshake.java:96)
at org.openqa.selenium.remote.ProtocolHandshake.createSession(ProtocolHandshake.java:68)
at org.openqa.selenium.remote.HttpCommandExecutor.execute(HttpCommandExecutor.java:163)
at org.openqa.selenium.remote.TracedCommandExecutor.execute(TracedCommandExecutor.java:51)
at org.openqa.selenium.remote.RemoteWebDriver.execute(RemoteWebDriver.java:602)
at org.openqa.selenium.remote.RemoteWebDriver.startSession(RemoteWebDriver.java:236)
at org.openqa.selenium.remote.RemoteWebDriver.<init>(RemoteWebDriver.java:163)
at org.openqa.selenium.remote.RemoteWebDriver.<init>(RemoteWebDriver.java:143)
at TestCases.BaseTest.setUp(BaseTest.java:22)
at java.base/java.util.ArrayList.forEach(ArrayList.java:1511)
... Removed 31 stack frames]]>
    </failure>
  </testcase> <!-- @BeforeMethod setUp -->
  <testcase classname="TestCases.BaseTest" name="@AfterMethod tearDown" time="-1.735115724775E9">
    <skipped/>
  </testcase> <!-- @AfterMethod tearDown -->
  <testcase classname="TestCases.SampleTest" name="validatePageTitle" time="0.0">
    <skipped/>
  </testcase> <!-- validatePageTitle -->
</testsuite> <!-- Mobile Test -->
