<?xml version="1.0" encoding="UTF-8"?>
<!-- Generated by org.testng.reporters.JUnitXMLReporter -->
<testsuite ignored="0" hostname="CISPL-IO-824.local" failures="1" tests="1" name="Dynamic Test" time="34.01" errors="0" timestamp="2025-03-04T09:09:47 IST">
  <testcase classname="TestCases.AmazonTest" name="amazonEndToEndTest" time="19.965">
    <failure type="java.lang.AssertionError" message="Cart page not displayed. expected [true] but found [false]">
      <![CDATA[java.lang.AssertionError: Cart page not displayed. expected [true] but found [false]
at TestCases.AmazonTest.amazonEndToEndTest(AmazonTest.java:33)
at java.base/java.util.ArrayList.forEach(ArrayList.java:1597)
... Removed 28 stack frames]]>
    </failure>
  </testcase> <!-- amazonEndToEndTest -->
</testsuite> <!-- Dynamic Test -->
